<?xml version="1.0" encoding="UTF-8"?>
<testsuite xmlns:xsi="http://www.w3.org/2001/XMLSchema-instance" xsi:noNamespaceSchemaLocation="https://maven.apache.org/surefire/maven-surefire-plugin/xsd/surefire-test-report-3.0.xsd" version="3.0" name="TestSuite" time="74.097" tests="9" errors="0" skipped="0" failures="3">
  <properties>
[...]
</properties>
  <testcase name="VerifyLoginWithIncorrectCred" classname="com.nagarro.automation.testSuite.LumaTestSuite" time="4.579">
    <system-out><![CDATA[2023-08-05 23:12:49 INFO  TestReport:20 - D:\Automation_Training\Palvika_3161759_SeleniumAutomation\NAGPSeleniumAutomationFramework
2023-08-05 23:12:49 INFO  TestReport:49 - Creating a HTML report
2023-08-05 23:12:49 INFO  CleanUp:20 - D:\Automation_Training\Palvika_3161759_SeleniumAutomation\NAGPSeleniumAutomationFramework
2023-08-05 23:12:50 INFO  SetDriver:20 - D:\Automation_Training\Palvika_3161759_SeleniumAutomation\NAGPSeleniumAutomationFramework
2023-08-05 23:12:50 INFO  Drivers:20 - D:\Automation_Training\Palvika_3161759_SeleniumAutomation\NAGPSeleniumAutomationFramework
2023-08-05 23:12:50 INFO  SetDriver:44 - Going to invoke the browser Chrome==>chrome
2023-08-05 23:12:57 INFO  Drivers:43 - going to invoke browser
2023-08-05 23:12:57 INFO  Drivers:48 - Chrome Driver initiatized 
2023-08-05 23:12:57 INFO  SetDriver:48 - ChromeDriver: chrome on WINDOWS (d13386ed896bf5f2dd6706c41c69536b)
2023-08-05 23:13:03 INFO  LumaTestSuite:44 - Going to verify the login with Incorrect credentials
2023-08-05 23:13:03 INFO  LoginTestCase:20 - D:\Automation_Training\Palvika_3161759_SeleniumAutomation\NAGPSeleniumAutomationFramework
2023-08-05 23:13:03 INFO  LandingPage:20 - D:\Automation_Training\Palvika_3161759_SeleniumAutomation\NAGPSeleniumAutomationFramework
2023-08-05 23:13:05 INFO  LandingPage:45 - SignIn CTA is clicked on Landing page
2023-08-05 23:13:05 INFO  LoginPage:20 - D:\Automation_Training\Palvika_3161759_SeleniumAutomation\NAGPSeleniumAutomationFramework
2023-08-05 23:13:05 INFO  LoginPage:52 - The Page title of the page Customer Login
2023-08-05 23:13:05 INFO  LoginPage:59 - Username is entered in the Username field on Login page
2023-08-05 23:13:06 INFO  LoginPage:65 - Password is entered in the Password field on Login page
2023-08-05 23:13:08 INFO  LoginPage:71 - Submit button is clicked
]]></system-out>
    <system-err><![CDATA[log4j:WARN No appenders could be found for logger (LumaTestSuite).
log4j:WARN Please initialize the log4j system properly.
log4j:WARN See http://logging.apache.org/log4j/1.2/faq.html#noconfig for more info.
Aug 05, 2023 11:12:53 PM org.openqa.selenium.manager.SeleniumManager lambda$runCommand$2
WARNING: Error getting version of chromedriver 115. Retrying with chromedriver 114 (attempt 1/5)
SLF4J: Failed to load class "org.slf4j.impl.StaticLoggerBinder".
SLF4J: Defaulting to no-operation (NOP) logger implementation
SLF4J: See http://www.slf4j.org/codes.html#StaticLoggerBinder for further details.
Starting ChromeDriver 114.0.5735.90 (386bc09e8f4f2e025eddae123f36f6263096ae49-refs/branch-heads/5735@{#1052}) on port 43839
Only local connections are allowed.
Please see https://chromedriver.chromium.org/security-considerations for suggestions on keeping ChromeDriver safe.
ChromeDriver was started successfully.
[1691257376.507][WARNING]: This version of ChromeDriver has not been tested with Chrome version 115.
Aug 05, 2023 11:12:57 PM org.openqa.selenium.devtools.CdpVersionFinder findNearestMatch
WARNING: Unable to find an exact match for CDP version 115, so returning the closest version found: 111
]]></system-err>
  </testcase>
  <testcase name="VerifyLoginWithInvalidCred" classname="com.nagarro.automation.testSuite.LumaTestSuite" time="2.732">
    <system-out><![CDATA[2023-08-05 23:13:08 INFO  LumaTestSuite:52 - Going to verify the login with invalid credentials
2023-08-05 23:13:10 INFO  LandingPage:45 - SignIn CTA is clicked on Landing page
2023-08-05 23:13:10 INFO  LoginPage:52 - The Page title of the page Customer Login
2023-08-05 23:13:10 INFO  LoginPage:59 - Username is entered in the Username field on Login page
2023-08-05 23:13:11 INFO  LoginPage:65 - Password is entered in the Password field on Login page
2023-08-05 23:13:11 INFO  LoginPage:71 - Submit button is clicked
2023-08-05 23:13:11 INFO  LoginPage:91 - The Email error on login page Please enter a valid email address (Ex: johndoe@domain.com).
]]></system-out>
  </testcase>
  <testcase name="VerifyLoginWithoutCredentials" classname="com.nagarro.automation.testSuite.LumaTestSuite" time="2.518">
    <system-out><![CDATA[2023-08-05 23:13:11 INFO  LumaTestSuite:60 - Going to verify the alert message after clicking on sign in button without giving credentials
2023-08-05 23:13:13 INFO  LandingPage:45 - SignIn CTA is clicked on Landing page
2023-08-05 23:13:13 INFO  LoginPage:52 - The Page title of the page Customer Login
2023-08-05 23:13:14 INFO  LoginPage:71 - Submit button is clicked
]]></system-out>
  </testcase>
  <testcase name="VerifyRegistrationPageMandatoryfield" classname="com.nagarro.automation.testSuite.LumaTestSuite" time="2.592">
    <system-out><![CDATA[2023-08-05 23:13:14 INFO  LumaTestSuite:67 - Going to verify the Mandatory fields of the Registration page
2023-08-05 23:13:14 INFO  RegisterUserTestCase:20 - D:\Automation_Training\Palvika_3161759_SeleniumAutomation\NAGPSeleniumAutomationFramework
2023-08-05 23:13:14 INFO  TestReport:49 - Creating a HTML report
2023-08-05 23:13:16 INFO  LandingPage:39 - Create An Account CTA is clicked on Landing page
2023-08-05 23:13:16 INFO  CreateAnAccountPage:20 - D:\Automation_Training\Palvika_3161759_SeleniumAutomation\NAGPSeleniumAutomationFramework
2023-08-05 23:13:16 INFO  CreateAnAccountPage:70 - The Page title of the Create An Account page Create New Customer Account
2023-08-05 23:13:16 INFO  CreateAnAccountPage:113 - Create An Account CTA is clicked
]]></system-out>
  </testcase>
  <testcase name="VerifySearch" classname="com.nagarro.automation.testSuite.LumaTestSuite" time="5.332">
    <system-out><![CDATA[2023-08-05 23:13:17 INFO  LumaTestSuite:74 - Going to Verify the search functionality
2023-08-05 23:13:17 INFO  SearchTC:20 - D:\Automation_Training\Palvika_3161759_SeleniumAutomation\NAGPSeleniumAutomationFramework
2023-08-05 23:13:17 INFO  HomePage:20 - D:\Automation_Training\Palvika_3161759_SeleniumAutomation\NAGPSeleniumAutomationFramework
2023-08-05 23:13:19 INFO  HomePage:87 - Home page is open
2023-08-05 23:13:19 INFO  HomePage:73 - The Page title of the home page Home Page
2023-08-05 23:13:19 INFO  HomePage:60 - Search text is entered in the search field on home page
2023-08-05 23:13:19 INFO  KeyWords:20 - D:\Automation_Training\Palvika_3161759_SeleniumAutomation\NAGPSeleniumAutomationFramework
2023-08-05 23:13:22 INFO  KeyWords:36 - Enter key is pressed
2023-08-05 23:13:22 INFO  HomePage:67 - Search icon is clicked
2023-08-05 23:13:22 INFO  ProductMetricsPage:20 - D:\Automation_Training\Palvika_3161759_SeleniumAutomation\NAGPSeleniumAutomationFramework
2023-08-05 23:13:22 INFO  ProductMetricsPage:43 - The search text on the page after search result
]]></system-out>
  </testcase>
  <testcase name="VerifyApplyFilter" classname="com.nagarro.automation.testSuite.LumaTestSuite" time="9.838">
    <system-out><![CDATA[2023-08-05 23:13:23 INFO  LumaTestSuite:83 - Going to verify the filter after applying it for the bags under gear section
2023-08-05 23:13:23 INFO  AddToCartTestCase:20 - D:\Automation_Training\Palvika_3161759_SeleniumAutomation\NAGPSeleniumAutomationFramework
2023-08-05 23:13:25 INFO  HomePage:87 - Home page is open
2023-08-05 23:13:25 INFO  HomePage:73 - The Page title of the home page Home Page
2023-08-05 23:13:27 INFO  HomePage:93 - Gear icon is clicked
2023-08-05 23:13:27 INFO  GearPage:20 - D:\Automation_Training\Palvika_3161759_SeleniumAutomation\NAGPSeleniumAutomationFramework
2023-08-05 23:13:30 INFO  GearPage:34 - Bags is selected
2023-08-05 23:13:30 INFO  BagsPage:20 - D:\Automation_Training\Palvika_3161759_SeleniumAutomation\NAGPSeleniumAutomationFramework
2023-08-05 23:13:30 INFO  ElementWait:20 - D:\Automation_Training\Palvika_3161759_SeleniumAutomation\NAGPSeleniumAutomationFramework
2023-08-05 23:13:30 INFO  ElementWait:39 - the value of wait is 20
2023-08-05 23:13:30 INFO  ElementWait:39 - the value of wait is 20
2023-08-05 23:13:32 INFO  BagsPage:50 - Style filter is applied
2023-08-05 23:13:32 INFO  BagsPage:55 - Applied filter label is Style
2023-08-05 23:13:32 INFO  BagsPage:60 - Applied filter value is Backpack
]]></system-out>
  </testcase>
  <testcase name="VerifyCreateAnAccountPage" classname="com.nagarro.automation.testSuite.LumaTestSuite" time="14.437">
    <failure message="Timed out after 10 seconds. Unable to locate the element" type="org.openqa.selenium.NoSuchElementException"><![CDATA[org.openqa.selenium.NoSuchElementException: Timed out after 10 seconds. Unable to locate the element
	at com.nagarro.automation.testSuite.LumaTestSuite.VerifyCreateAnAccountPage(LumaTestSuite.java:94)
Caused by: org.openqa.selenium.NoSuchElementException: 
no such element: Unable to locate element: {"method":"xpath","selector":"//input[@name='is_subscribed']"}
  (Session info: chrome=115.0.5790.111)
For documentation on this error, please visit: https://selenium.dev/exceptions/#no_such_element
Build info: version: '4.8.3', revision: 'e5e76298c3'
System info: os.name: 'Windows 10', os.arch: 'amd64', os.version: '10.0', java.version: '17'
Driver info: org.openqa.selenium.chrome.ChromeDriver
Command: [d13386ed896bf5f2dd6706c41c69536b, findElement {using=xpath, value=//input[@name='is_subscribed']}]
Capabilities {acceptInsecureCerts: false, browserName: chrome, browserVersion: 115.0.5790.111, chrome: {chromedriverVersion: 114.0.5735.90 (386bc09e8f4f..., userDataDir: C:\WINDOWS\SystemTemp\scope...}, goog:chromeOptions: {debuggerAddress: localhost:52918}, networkConnectionEnabled: false, pageLoadStrategy: normal, platformName: WINDOWS, proxy: Proxy(), se:cdp: ws://localhost:52918/devtoo..., se:cdpVersion: 115.0.5790.111, setWindowRect: true, strictFileInteractability: false, timeouts: {implicit: 0, pageLoad: 300000, script: 30000}, unhandledPromptBehavior: dismiss and notify, webauthn:extension:credBlob: true, webauthn:extension:largeBlob: true, webauthn:extension:minPinLength: true, webauthn:extension:prf: true, webauthn:virtualAuthenticators: true}
Session ID: d13386ed896bf5f2dd6706c41c69536b
	at com.nagarro.automation.testSuite.LumaTestSuite.VerifyCreateAnAccountPage(LumaTestSuite.java:94)
]]></failure>
    <system-out><![CDATA[2023-08-05 23:13:33 INFO  LumaTestSuite:92 - Going to execute the Create An Account page Test Cases
2023-08-05 23:13:34 INFO  LandingPage:39 - Create An Account CTA is clicked on Landing page
2023-08-05 23:13:35 INFO  CreateAnAccountPage:70 - The Page title of the Create An Account page Create New Customer Account
2023-08-05 23:13:35 INFO  XlsxUtil:20 - D:\Automation_Training\Palvika_3161759_SeleniumAutomation\NAGPSeleniumAutomationFramework
2023-08-05 23:13:37 INFO  RegisterUserTestCase:113 - FirstName: Test
2023-08-05 23:13:37 INFO  RegisterUserTestCase:114 - LastName: User
2023-08-05 23:13:37 INFO  RegisterUserTestCase:115 - Email: TestUser@gmail.com
2023-08-05 23:13:37 INFO  RegisterUserTestCase:116 - Password: Test@123
2023-08-05 23:13:37 INFO  RegisterUserTestCase:117 - Confirm Password: Test@123
2023-08-05 23:13:37 INFO  CreateAnAccountPage:77 - First name is entered in the FirstName field
2023-08-05 23:13:37 INFO  CreateAnAccountPage:83 - Last name is entered in the LastName field
]]></system-out>
  </testcase>
  <testcase name="VerifyloginPage" classname="com.nagarro.automation.testSuite.LumaTestSuite" time="6.687">
    <failure message="expected [true] but found [false]" type="java.lang.AssertionError"><![CDATA[java.lang.AssertionError: expected [true] but found [false]
	at com.nagarro.automation.testSuite.LumaTestSuite.VerifyloginPage(LumaTestSuite.java:103)
]]></failure>
    <system-out><![CDATA[2023-08-05 23:13:48 INFO  LumaTestSuite:101 - Going to execute the login page Test cases
2023-08-05 23:13:48 INFO  LoggedInPage:20 - D:\Automation_Training\Palvika_3161759_SeleniumAutomation\NAGPSeleniumAutomationFramework
2023-08-05 23:13:48 INFO  ElementWait:39 - the value of wait is 20
2023-08-05 23:13:48 INFO  LoggedInPage:84 - Checking if user is logged in or not
2023-08-05 23:13:48 INFO  LoggedInPage:93 - User is not logged in on the site
2023-08-05 23:13:50 INFO  LandingPage:45 - SignIn CTA is clicked on Landing page
2023-08-05 23:13:50 INFO  LoginPage:52 - The Page title of the page Customer Login
2023-08-05 23:13:50 INFO  LoginTestCase:109 - UserName: TestUser@gmail.com
2023-08-05 23:13:50 INFO  LoginTestCase:110 - Password: Test@123
2023-08-05 23:13:50 INFO  LoginPage:59 - Username is entered in the Username field on Login page
2023-08-05 23:13:50 INFO  LoginPage:65 - Password is entered in the Password field on Login page
2023-08-05 23:13:54 INFO  LoginPage:71 - Submit button is clicked
2023-08-05 23:13:54 INFO  HomePage:47 - The login message on the page 
]]></system-out>
  </testcase>
  <testcase name="VerifyAddtoCart" classname="com.nagarro.automation.testSuite.LumaTestSuite" time="5.416">
    <failure message="expected [true] but found [false]" type="java.lang.AssertionError"><![CDATA[java.lang.AssertionError: expected [true] but found [false]
	at com.nagarro.automation.testSuite.LumaTestSuite.VerifyAddtoCart(LumaTestSuite.java:112)
]]></failure>
    <system-out><![CDATA[2023-08-05 23:13:55 INFO  LumaTestSuite:110 - Going to Verify the add to cart functionality
2023-08-05 23:13:55 INFO  AddToCartTestCase:20 - D:\Automation_Training\Palvika_3161759_SeleniumAutomation\NAGPSeleniumAutomationFramework
2023-08-05 23:13:55 INFO  ElementWait:39 - the value of wait is 20
2023-08-05 23:13:55 INFO  LoggedInPage:84 - Checking if user is logged in or not
2023-08-05 23:13:55 INFO  LoggedInPage:93 - User is not logged in on the site
2023-08-05 23:13:56 INFO  LandingPage:45 - SignIn CTA is clicked on Landing page
2023-08-05 23:13:56 INFO  LoginPage:52 - The Page title of the page Customer Login
2023-08-05 23:13:57 INFO  LoginTestCase:109 - UserName: TestUser@gmail.com
2023-08-05 23:13:57 INFO  LoginTestCase:110 - Password: Test@123
2023-08-05 23:13:57 INFO  LoginPage:59 - Username is entered in the Username field on Login page
2023-08-05 23:13:57 INFO  LoginPage:65 - Password is entered in the Password field on Login page
2023-08-05 23:14:00 INFO  LoginPage:71 - Submit button is clicked
2023-08-05 23:14:00 INFO  HomePage:47 - The login message on the page 
]]></system-out>
  </testcase>
</testsuite>