<?xml version="1.0" encoding="UTF-8"?>
<!-- Generated by org.testng.reporters.JUnitXMLReporter -->
<testsuite ignored="0" hostname="IN-HLWSZD3" failures="2" tests="2" name="Test" time="0.149" errors="0" timestamp="2023-05-01T13:02:34 IST">
  <testcase classname="nagpSession.DemoTest" name="@AfterTest tearDown" time="0.001">
    <failure type="java.lang.NullPointerException">
      <![CDATA[java.lang.NullPointerException
at nagpSession.DemoTest.tearDown(DemoTest.java:77)
... Removed 24 stack frames]]>
    </failure>
  </testcase> <!-- @AfterTest tearDown -->
  <testcase classname="nagpSession.DemoTest" name="login" time="0.009">
    <failure type="java.lang.NullPointerException">
      <![CDATA[java.lang.NullPointerException
at nagpSession.DemoTest.login(DemoTest.java:67)
at java.base/java.util.ArrayList.forEach(ArrayList.java:1540)
... Removed 27 stack frames]]>
    </failure>
  </testcase> <!-- login -->
  <testcase classname="nagpSession.DemoTest" name="navigateToUrl" time="0.001">
    <failure type="java.lang.NullPointerException">
      <![CDATA[java.lang.NullPointerException
at nagpSession.DemoTest.navigateToUrl(DemoTest.java:61)
at java.base/java.util.ArrayList.forEach(ArrayList.java:1540)
... Removed 27 stack frames]]>
    </failure>
  </testcase> <!-- navigateToUrl -->
</testsuite> <!-- Test -->
