<?xml version="1.0" encoding="UTF-8"?>
<!-- Generated by org.testng.reporters.JUnitXMLReporter -->
<testsuite ignored="0" hostname="IN-HLWSZD3" failures="0" tests="5" name="Test" time="22.345" errors="0" timestamp="2023-05-02T17:08:58 IST">
  <testcase classname="com.nagarro.automation.testSuite.LumaTestSuite" name="VerifyApplyFilter" time="5.297"/>
  <testcase classname="com.nagarro.automation.testSuite.LumaTestSuite" name="VerifyLoginWithIncorrectCred" time="3.169"/>
  <testcase classname="com.nagarro.automation.testSuite.LumaTestSuite" name="VerifyLoginWithInvalidCred" time="1.327"/>
  <testcase classname="com.nagarro.automation.testSuite.LumaTestSuite" name="VerifyLoginWithoutCredentials" time="2.955"/>
  <testcase classname="com.nagarro.automation.testSuite.LumaTestSuite" name="VerifyRegistrationPageMandatoryfield" time="1.386"/>
</testsuite> <!-- Test -->
